<?xml version="1.0" encoding="UTF-8"?>
<testsuite name="ru.netology.PostmanTest" tests="1" skipped="0" failures="0" errors="0" timestamp="2021-03-04T08:57:20" hostname="DESKTOP-R96RB4I" time="14.031">
  <properties/>
  <testcase name="sholdReturnDemoAccount()" classname="ru.netology.PostmanTest" time="14.031"/>
  <system-out><![CDATA[]]></system-out>
  <system-err><![CDATA[]]></system-err>
</testsuite>
